-------------------------------------------------------------------------------
Test set: com.turring.dsa.adt.two34tree.TestNode
-------------------------------------------------------------------------------
Tests run: 2, Failures: 0, Errors: 1, Skipped: 0, Time elapsed: 0.041 s <<< FAILURE! - in com.turring.dsa.adt.two34tree.TestNode
testSlitNodeTwoevel  Time elapsed: 0.006 s  <<< ERROR!
java.lang.IndexOutOfBoundsException: Index 0 out of bounds for length 0
	at com.turring.dsa.adt.two34tree.TestNode.testSlitNodeTwoevel(TestNode.java:385)

