<?xml version="1.0" encoding="UTF-8"?>
<testsuite xmlns:xsi="http://www.w3.org/2001/XMLSchema-instance" xsi:noNamespaceSchemaLocation="https://maven.apache.org/surefire/maven-surefire-plugin/xsd/surefire-test-report.xsd" name="com.turring.dsa.adt.two34tree.TestNode" time="0.041" tests="2" errors="1" skipped="0" failures="0">
  <properties>
[...]
</properties>
  <testcase name="testSlitNodeOneLevel" classname="com.turring.dsa.adt.two34tree.TestNode" time="0.029"/>
  <testcase name="testSlitNodeTwoevel" classname="com.turring.dsa.adt.two34tree.TestNode" time="0.006">
    <error message="Index 0 out of bounds for length 0" type="java.lang.IndexOutOfBoundsException">java.lang.IndexOutOfBoundsException: Index 0 out of bounds for length 0
	at com.turring.dsa.adt.two34tree.TestNode.testSlitNodeTwoevel(TestNode.java:385)
</error>
    <system-out><![CDATA[Split->>>  150 200 300
No parent case
ChildTwo  300 301 302
Split->>>  300 301 302
case with parent node  300 301 302
Inserted at 1
Split->>>  302 303 304
case with parent node  302 303 304
Inserted at 2
Split->>>  304 305 306
case with parent node  304 305 306
SPLIT Parent=====
Split->>>  200 301 303
No parent case
Noof child 0
]]></system-out>
  </testcase>
</testsuite>